<?xml version="1.0" encoding="UTF-8"?>
<!-- Generated by org.testng.reporters.JUnitXMLReporter -->
<testsuite hostname="aurora.local" name="Command line test" tests="20" failures="0" timestamp="5 Jul 2015 06:15:35 GMT" time="3.447" errors="0">
  <testcase name="shouldHandleConcurrentWaiters" time="1.007" classname="net.jodah.concurrentunit.internal.ReentrantCircuitTest"/>
  <testcase name="shouldHandleOpenCloseCycles" time="0.001" classname="net.jodah.concurrentunit.internal.ReentrantCircuitTest"/>
  <testcase name="shouldHandleRepeatedClosed" time="0.0" classname="net.jodah.concurrentunit.internal.ReentrantCircuitTest"/>
  <testcase name="shouldHandleRepeatedOpens" time="0.0" classname="net.jodah.concurrentunit.internal.ReentrantCircuitTest"/>
  <testcase name="shouldHandleSequentialWaiters" time="0.506" classname="net.jodah.concurrentunit.internal.ReentrantCircuitTest"/>
  <testcase name="shouldInitiallyBeClosed" time="0.0" classname="net.jodah.concurrentunit.internal.ReentrantCircuitTest"/>
  <testcase name="shouldInterruptWaiters" time="0.306" classname="net.jodah.concurrentunit.internal.ReentrantCircuitTest"/>
  <testcase name="shouldNotBlockOpenWhenSyncAcquired" time="0.306" classname="net.jodah.concurrentunit.internal.ReentrantCircuitTest"/>
  <testcase name="shouldReturnWhenAwaitAndAlreadyClosed" time="0.0" classname="net.jodah.concurrentunit.internal.ReentrantCircuitTest"/>
  <testcase name="shouldFailNullAssertionFromWorkerThreadWithReason" time="0.254" classname="net.jodah.concurrentunit.WaiterTest"/>
  <testcase name="shouldFailNullAssertionWithReason" time="0.0" classname="net.jodah.concurrentunit.WaiterTest"/>
  <testcase name="shouldSupportMultipleResumes" time="0.254" classname="net.jodah.concurrentunit.WaiterTest"/>
  <testcase name="shouldSupportMultipleThreads" time="0.001" classname="net.jodah.concurrentunit.WaiterTest"/>
  <testcase name="shouldSupportSuccessiveResumes" time="0.0" classname="net.jodah.concurrentunit.WaiterTest"/>
  <testcase name="shouldSupportThreadWait0WithResumeCount" time="0.256" classname="net.jodah.concurrentunit.WaiterTest"/>
  <testcase name="shouldThrowWhenResumingWithoutWait" time="0.0" classname="net.jodah.concurrentunit.WaiterTest"/>
  <testcase name="waitShouldSupportAssertionErrors" time="0.256" classname="net.jodah.concurrentunit.WaiterTest"/>
  <testcase name="waitShouldSupportExceptions" time="0.001" classname="net.jodah.concurrentunit.WaiterTest"/>
  <testcase name="waitShouldSupportResume" time="0.256" classname="net.jodah.concurrentunit.WaiterTest"/>
  <testcase name="waitShouldSupportTimeouts" time="0.013" classname="net.jodah.concurrentunit.WaiterTest"/>
</testsuite> <!-- Command line test -->
