<?xml version="1.0" encoding="UTF-8"?>
<testng-results skipped="0" failed="0" total="1" passed="1">
  <reporter-output>
  </reporter-output>
  <suite name="Default suite" duration-ms="22" started-at="2015-07-05T02:57:46Z" finished-at="2015-07-05T02:57:46Z">
    <groups>
    </groups>
    <test name="Default test" duration-ms="22" started-at="2015-07-05T02:57:46Z" finished-at="2015-07-05T02:57:46Z">
      <class name="net.jodah.concurrentunit.WaiterTest">
        <test-method status="PASS" signature="shouldSupportInterruptBeforeResume()[pri:0, instance:net.jodah.concurrentunit.WaiterTest@39e57e8f]" name="shouldSupportInterruptBeforeResume" duration-ms="12" started-at="2015-07-04T19:57:46Z" finished-at="2015-07-04T19:57:46Z">
          <reporter-output>
          </reporter-output>
        </test-method> <!-- shouldSupportInterruptBeforeResume -->
      </class> <!-- net.jodah.concurrentunit.WaiterTest -->
    </test> <!-- Default test -->
  </suite> <!-- Default suite -->
</testng-results>
